Determining if the pthread_create exist failed with the following output:
Change Dir: /home/manuel/Escritorio/VAR/catkin_ws/build/CMakeFiles/CMakeTmp

Run Build Command:"/usr/bin/make" "cmTC_d5317/fast"
/usr/bin/make -f CMakeFiles/cmTC_d5317.dir/build.make CMakeFiles/cmTC_d5317.dir/build
make[1]: se entra en el directorio '/home/manuel/Escritorio/VAR/catkin_ws/build/CMakeFiles/CMakeTmp'
Building C object CMakeFiles/cmTC_d5317.dir/CheckSymbolExists.c.o
/usr/bin/cc     -o CMakeFiles/cmTC_d5317.dir/CheckSymbolExists.c.o   -c /home/manuel/Escritorio/VAR/catkin_ws/build/CMakeFiles/CMakeTmp/CheckSymbolExists.c
Linking C executable cmTC_d5317
/usr/bin/cmake -E cmake_link_script CMakeFiles/cmTC_d5317.dir/link.txt --verbose=1
/usr/bin/cc       CMakeFiles/cmTC_d5317.dir/CheckSymbolExists.c.o  -o cmTC_d5317 -rdynamic 
CMakeFiles/cmTC_d5317.dir/CheckSymbolExists.c.o: En la función `main':
CheckSymbolExists.c:(.text+0x16): referencia a `pthread_create' sin definir
collect2: error: ld returned 1 exit status
CMakeFiles/cmTC_d5317.dir/build.make:97: fallo en las instrucciones para el objetivo 'cmTC_d5317'
make[1]: *** [cmTC_d5317] Error 1
make[1]: se sale del directorio '/home/manuel/Escritorio/VAR/catkin_ws/build/CMakeFiles/CMakeTmp'
Makefile:126: fallo en las instrucciones para el objetivo 'cmTC_d5317/fast'
make: *** [cmTC_d5317/fast] Error 2

File /home/manuel/Escritorio/VAR/catkin_ws/build/CMakeFiles/CMakeTmp/CheckSymbolExists.c:
/* */
#include <pthread.h>

int main(int argc, char** argv)
{
  (void)argv;
#ifndef pthread_create
  return ((int*)(&pthread_create))[argc];
#else
  (void)argc;
  return 0;
#endif
}

Determining if the function pthread_create exists in the pthreads failed with the following output:
Change Dir: /home/manuel/Escritorio/VAR/catkin_ws/build/CMakeFiles/CMakeTmp

Run Build Command:"/usr/bin/make" "cmTC_e3973/fast"
/usr/bin/make -f CMakeFiles/cmTC_e3973.dir/build.make CMakeFiles/cmTC_e3973.dir/build
make[1]: se entra en el directorio '/home/manuel/Escritorio/VAR/catkin_ws/build/CMakeFiles/CMakeTmp'
Building C object CMakeFiles/cmTC_e3973.dir/CheckFunctionExists.c.o
/usr/bin/cc    -DCHECK_FUNCTION_EXISTS=pthread_create   -o CMakeFiles/cmTC_e3973.dir/CheckFunctionExists.c.o   -c /usr/share/cmake-3.5/Modules/CheckFunctionExists.c
Linking C executable cmTC_e3973
/usr/bin/cmake -E cmake_link_script CMakeFiles/cmTC_e3973.dir/link.txt --verbose=1
/usr/bin/cc   -DCHECK_FUNCTION_EXISTS=pthread_create    CMakeFiles/cmTC_e3973.dir/CheckFunctionExists.c.o  -o cmTC_e3973 -rdynamic -lpthreads 
/usr/bin/ld: no se puede encontrar -lpthreads
collect2: error: ld returned 1 exit status
CMakeFiles/cmTC_e3973.dir/build.make:97: fallo en las instrucciones para el objetivo 'cmTC_e3973'
make[1]: *** [cmTC_e3973] Error 1
make[1]: se sale del directorio '/home/manuel/Escritorio/VAR/catkin_ws/build/CMakeFiles/CMakeTmp'
Makefile:126: fallo en las instrucciones para el objetivo 'cmTC_e3973/fast'
make: *** [cmTC_e3973/fast] Error 2


